[0m16:10:29.981996 [debug] [MainThread]: Sending event: {'category': 'dbt', 'action': 'invocation', 'label': 'start', 'context': [<snowplow_tracker.self_describing_json.SelfDescribingJson object at 0x000001C2AB321550>, <snowplow_tracker.self_describing_json.SelfDescribingJson object at 0x000001C2ADC9FED0>, <snowplow_tracker.self_describing_json.SelfDescribingJson object at 0x000001C2ADC9FB10>]}


============================== 16:10:29.986510 | 1c311165-8842-4449-8fc1-2ecc17415b56 ==============================
[0m16:10:29.986510 [info ] [MainThread]: Running with dbt=1.7.9
[0m16:10:29.987379 [debug] [MainThread]: running dbt with arguments {'printer_width': '80', 'indirect_selection': 'eager', 'log_cache_events': 'False', 'write_json': 'True', 'partial_parse': 'True', 'cache_selected_only': 'False', 'profiles_dir': 'C:\\Users\\kotya\\.dbt', 'fail_fast': 'False', 'version_check': 'True', 'log_path': 'logs', 'debug': 'False', 'warn_error': 'None', 'use_colors': 'True', 'use_experimental_parser': 'False', 'no_print': 'None', 'quiet': 'False', 'warn_error_options': 'WarnErrorOptions(include=[], exclude=[])', 'invocation_command': 'dbt init', 'log_format': 'default', 'introspect': 'True', 'target_path': 'None', 'static_parser': 'True', 'send_anonymous_usage_stats': 'True'}
[0m16:10:44.186299 [debug] [MainThread]: Starter project path: C:\Users\kotya\AppData\Local\Programs\Python\Python313\Lib\site-packages\dbt\include\starter_project
[0m16:10:44.222424 [info ] [MainThread]: 
Your new dbt project "DMBI_Final_Project_DBT" was created!

For more information on how to configure the profiles.yml file,
please consult the dbt documentation here:

  https://docs.getdbt.com/docs/configure-your-profile

One more thing:

Need help? Don't hesitate to reach out to us via GitHub issues or on Slack:

  https://community.getdbt.com/

Happy modeling!

[0m16:10:44.223904 [info ] [MainThread]: Setting up your profile.
[0m16:10:46.638441 [debug] [MainThread]: Command `dbt init` succeeded at 16:10:46.638104 after 16.77 seconds
[0m16:10:46.639053 [debug] [MainThread]: Sending event: {'category': 'dbt', 'action': 'invocation', 'label': 'end', 'context': [<snowplow_tracker.self_describing_json.SelfDescribingJson object at 0x000001C2A71E6EA0>, <snowplow_tracker.self_describing_json.SelfDescribingJson object at 0x000001C2ADEADD90>, <snowplow_tracker.self_describing_json.SelfDescribingJson object at 0x000001C2ADE7A8B0>]}
[0m16:10:46.639622 [debug] [MainThread]: Flushing usage events
[0m16:10:57.545465 [debug] [MainThread]: Sending event: {'category': 'dbt', 'action': 'invocation', 'label': 'start', 'context': [<snowplow_tracker.self_describing_json.SelfDescribingJson object at 0x000002C072311550>, <snowplow_tracker.self_describing_json.SelfDescribingJson object at 0x000002C074C9FED0>, <snowplow_tracker.self_describing_json.SelfDescribingJson object at 0x000002C074C9FB10>]}


============================== 16:10:57.550038 | af64154a-3a13-4895-b166-bc6a418d6c5a ==============================
[0m16:10:57.550038 [info ] [MainThread]: Running with dbt=1.7.9
[0m16:10:57.551368 [debug] [MainThread]: running dbt with arguments {'printer_width': '80', 'indirect_selection': 'eager', 'write_json': 'True', 'log_cache_events': 'False', 'partial_parse': 'True', 'cache_selected_only': 'False', 'warn_error': 'None', 'fail_fast': 'False', 'profiles_dir': 'C:\\Users\\kotya\\.dbt', 'log_path': 'logs', 'debug': 'False', 'version_check': 'True', 'use_colors': 'True', 'use_experimental_parser': 'False', 'no_print': 'None', 'quiet': 'False', 'warn_error_options': 'WarnErrorOptions(include=[], exclude=[])', 'introspect': 'True', 'static_parser': 'True', 'invocation_command': 'dbt debug', 'target_path': 'None', 'log_format': 'default', 'send_anonymous_usage_stats': 'True'}
[0m16:10:57.551927 [info ] [MainThread]: dbt version: 1.7.9
[0m16:10:57.552609 [info ] [MainThread]: python version: 3.13.0
[0m16:10:57.553352 [info ] [MainThread]: python path: C:\Users\kotya\AppData\Local\Programs\Python\Python313\python.exe
[0m16:10:57.554133 [info ] [MainThread]: os info: Windows-11-10.0.26100-SP0
[0m16:10:57.672128 [info ] [MainThread]: Using profiles dir at C:\Users\kotya\.dbt
[0m16:10:57.672977 [info ] [MainThread]: Using profiles.yml file at C:\Users\kotya\.dbt\profiles.yml
[0m16:10:57.673863 [info ] [MainThread]: Using dbt_project.yml file at C:\Users\kotya\Documents\EAE\DMBI\DMBI_Final_Project\dbt_project.yml
[0m16:10:57.674543 [info ] [MainThread]: Configuration:
[0m16:10:57.675078 [info ] [MainThread]:   profiles.yml file [[31mERROR invalid[0m]
[0m16:10:57.675585 [info ] [MainThread]:   dbt_project.yml file [[31mERROR not found[0m]
[0m16:10:57.675995 [info ] [MainThread]: Required dependencies:
[0m16:10:57.676581 [debug] [MainThread]: Executing "git --help"
[0m16:10:57.711661 [debug] [MainThread]: STDOUT: "b"usage: git [-v | --version] [-h | --help] [-C <path>] [-c <name>=<value>]\n           [--exec-path[=<path>]] [--html-path] [--man-path] [--info-path]\n           [-p | --paginate | -P | --no-pager] [--no-replace-objects] [--no-lazy-fetch]\n           [--no-optional-locks] [--no-advice] [--bare] [--git-dir=<path>]\n           [--work-tree=<path>] [--namespace=<name>] [--config-env=<name>=<envvar>]\n           <command> [<args>]\n\nThese are common Git commands used in various situations:\n\nstart a working area (see also: git help tutorial)\n   clone      Clone a repository into a new directory\n   init       Create an empty Git repository or reinitialize an existing one\n\nwork on the current change (see also: git help everyday)\n   add        Add file contents to the index\n   mv         Move or rename a file, a directory, or a symlink\n   restore    Restore working tree files\n   rm         Remove files from the working tree and from the index\n\nexamine the history and state (see also: git help revisions)\n   bisect     Use binary search to find the commit that introduced a bug\n   diff       Show changes between commits, commit and working tree, etc\n   grep       Print lines matching a pattern\n   log        Show commit logs\n   show       Show various types of objects\n   status     Show the working tree status\n\ngrow, mark and tweak your common history\n   backfill   Download missing objects in a partial clone\n   branch     List, create, or delete branches\n   commit     Record changes to the repository\n   merge      Join two or more development histories together\n   rebase     Reapply commits on top of another base tip\n   reset      Reset current HEAD to the specified state\n   switch     Switch branches\n   tag        Create, list, delete or verify a tag object signed with GPG\n\ncollaborate (see also: git help workflows)\n   fetch      Download objects and refs from another repository\n   pull       Fetch from and integrate with another repository or a local branch\n   push       Update remote refs along with associated objects\n\n'git help -a' and 'git help -g' list available subcommands and some\nconcept guides. See 'git help <command>' or 'git help <concept>'\nto read about a specific subcommand or concept.\nSee 'git help git' for an overview of the system.\n""
[0m16:10:57.712328 [debug] [MainThread]: STDERR: "b''"
[0m16:10:57.712944 [info ] [MainThread]:  - git [[32mOK found[0m]

[0m16:10:57.713642 [info ] [MainThread]: Connection test skipped since no profile was found
[0m16:10:57.714088 [info ] [MainThread]: [31m2 checks failed:[0m
[0m16:10:57.714636 [info ] [MainThread]: Could not load dbt_project.yml
Profile loading failed for the following reason:
Runtime Error
  Credentials in profile "DMBI_Final_Project_DBT", target "dev" invalid: ['schema'] is not valid under any of the given schemas


[0m16:10:57.715302 [info ] [MainThread]: Project loading failed for the following reason:
 project path <C:\Users\kotya\Documents\EAE\DMBI\DMBI_Final_Project\dbt_project.yml> not found

[0m16:10:57.716333 [debug] [MainThread]: Command `dbt debug` failed at 16:10:57.716184 after 0.31 seconds
[0m16:10:57.716695 [debug] [MainThread]: Sending event: {'category': 'dbt', 'action': 'invocation', 'label': 'end', 'context': [<snowplow_tracker.self_describing_json.SelfDescribingJson object at 0x000002C074EC5810>, <snowplow_tracker.self_describing_json.SelfDescribingJson object at 0x000002C0752D5D90>, <snowplow_tracker.self_describing_json.SelfDescribingJson object at 0x000002C074EAAF10>]}
[0m16:10:57.717095 [debug] [MainThread]: Flushing usage events
[0m16:12:22.090349 [debug] [MainThread]: Sending event: {'category': 'dbt', 'action': 'invocation', 'label': 'start', 'context': [<snowplow_tracker.self_describing_json.SelfDescribingJson object at 0x0000023206B01550>, <snowplow_tracker.self_describing_json.SelfDescribingJson object at 0x000002320948FED0>, <snowplow_tracker.self_describing_json.SelfDescribingJson object at 0x000002320948FB10>]}


============================== 16:12:22.094238 | 6fc923e6-cb99-404e-8233-34f99b0ad64b ==============================
[0m16:12:22.094238 [info ] [MainThread]: Running with dbt=1.7.9
[0m16:12:22.095140 [debug] [MainThread]: running dbt with arguments {'printer_width': '80', 'indirect_selection': 'eager', 'write_json': 'True', 'log_cache_events': 'False', 'partial_parse': 'True', 'cache_selected_only': 'False', 'profiles_dir': 'C:\\Users\\kotya\\.dbt', 'version_check': 'True', 'debug': 'False', 'log_path': 'logs', 'fail_fast': 'False', 'warn_error': 'None', 'use_colors': 'True', 'use_experimental_parser': 'False', 'no_print': 'None', 'quiet': 'False', 'log_format': 'default', 'introspect': 'True', 'static_parser': 'True', 'invocation_command': 'dbt debug', 'target_path': 'None', 'warn_error_options': 'WarnErrorOptions(include=[], exclude=[])', 'send_anonymous_usage_stats': 'True'}
[0m16:12:22.095574 [info ] [MainThread]: dbt version: 1.7.9
[0m16:12:22.096045 [info ] [MainThread]: python version: 3.13.0
[0m16:12:22.096543 [info ] [MainThread]: python path: C:\Users\kotya\AppData\Local\Programs\Python\Python313\python.exe
[0m16:12:22.096929 [info ] [MainThread]: os info: Windows-11-10.0.26100-SP0
[0m16:12:22.192113 [info ] [MainThread]: Using profiles dir at C:\Users\kotya\.dbt
[0m16:12:22.192838 [info ] [MainThread]: Using profiles.yml file at C:\Users\kotya\.dbt\profiles.yml
[0m16:12:22.193497 [info ] [MainThread]: Using dbt_project.yml file at C:\Users\kotya\Documents\EAE\DMBI\DMBI_Final_Project\dbt_project.yml
[0m16:12:22.193936 [error] [MainThread]: Encountered an error:
Internal Error
  Profile should not be None if loading profile completed
[0m16:12:22.194920 [debug] [MainThread]: Command `dbt debug` failed at 16:12:22.194791 after 0.21 seconds
[0m16:12:22.195208 [debug] [MainThread]: Sending event: {'category': 'dbt', 'action': 'invocation', 'label': 'end', 'context': [<snowplow_tracker.self_describing_json.SelfDescribingJson object at 0x0000023209675480>, <snowplow_tracker.self_describing_json.SelfDescribingJson object at 0x0000023209AE5C70>, <snowplow_tracker.self_describing_json.SelfDescribingJson object at 0x000002320965AE00>]}
[0m16:12:22.195492 [debug] [MainThread]: Flushing usage events
[0m05:58:29.769635 [debug] [MainThread]: Sending event: {'category': 'dbt', 'action': 'invocation', 'label': 'start', 'context': [<snowplow_tracker.self_describing_json.SelfDescribingJson object at 0x000001C7D77A1550>, <snowplow_tracker.self_describing_json.SelfDescribingJson object at 0x000001C7DA12FED0>, <snowplow_tracker.self_describing_json.SelfDescribingJson object at 0x000001C7DA12FB10>]}


============================== 05:58:29.776818 | 8b24c9a7-2318-4694-927b-8f5eccc8e452 ==============================
[0m05:58:29.776818 [info ] [MainThread]: Running with dbt=1.7.9
[0m05:58:29.777652 [debug] [MainThread]: running dbt with arguments {'printer_width': '80', 'indirect_selection': 'eager', 'write_json': 'True', 'log_cache_events': 'False', 'partial_parse': 'True', 'cache_selected_only': 'False', 'warn_error': 'None', 'version_check': 'True', 'fail_fast': 'False', 'log_path': 'logs', 'debug': 'False', 'profiles_dir': 'C:\\Users\\kotya\\.dbt', 'use_colors': 'True', 'use_experimental_parser': 'False', 'no_print': 'None', 'quiet': 'False', 'warn_error_options': 'WarnErrorOptions(include=[], exclude=[])', 'introspect': 'True', 'static_parser': 'True', 'log_format': 'default', 'target_path': 'None', 'invocation_command': 'dbt clean', 'send_anonymous_usage_stats': 'True'}
[0m05:58:29.778470 [error] [MainThread]: Encountered an error:
Runtime Error
  No dbt_project.yml found at expected path C:\Users\kotya\Documents\EAE\DMBI\DMBI_Final_Project\dbt_project.yml
  Verify that each entry within packages.yml (and their transitive dependencies) contains a file named dbt_project.yml
  
[0m05:58:29.779448 [debug] [MainThread]: Command `dbt clean` failed at 05:58:29.779263 after 0.13 seconds
[0m05:58:29.780191 [debug] [MainThread]: Sending event: {'category': 'dbt', 'action': 'invocation', 'label': 'end', 'context': [<snowplow_tracker.self_describing_json.SelfDescribingJson object at 0x000001C7D9F9F5C0>, <snowplow_tracker.self_describing_json.SelfDescribingJson object at 0x000001C7DA15E9F0>, <snowplow_tracker.self_describing_json.SelfDescribingJson object at 0x000001C7DA0D0490>]}
[0m05:58:29.780684 [debug] [MainThread]: Flushing usage events
